<?xml version="1.0" encoding="UTF-8"?>
<!-- Generated by org.testng.reporters.JUnitReportReporter -->
<testsuite hostname="NODE637" name="com.gspann.test.TDA_HomePage_LoginTest_MyAccountOverview" tests="1" failures="0" timestamp="21 Mar 2018 06:40:06 GMT" time="32.935" errors="0">
  <testcase name="verifyLogin_MyAccountOverview" time="32.935" classname="com.gspann.test.TDA_HomePage_LoginTest_MyAccountOverview"/>
</testsuite> <!-- com.gspann.test.TDA_HomePage_LoginTest_MyAccountOverview -->
