<?xml version="1.0" encoding="UTF-8"?>
<!-- Generated by org.testng.reporters.JUnitReportReporter -->
<testsuite hostname="NODE637" name="com.gspann.test.TDA_HomePage_LoginTest_MyAccountOverviewTest" tests="1" failures="0" timestamp="21 Mar 2018 09:31:20 GMT" time="27.380" errors="0">
  <testcase name="verifyLogin_MyAccountOverview" time="27.380" classname="com.gspann.test.TDA_HomePage_LoginTest_MyAccountOverviewTest"/>
</testsuite> <!-- com.gspann.test.TDA_HomePage_LoginTest_MyAccountOverviewTest -->
