<?xml version="1.0" encoding="UTF-8"?>
<!-- Generated by org.testng.reporters.JUnitReportReporter -->
<testsuite hostname="NODE637" name="com.gspann.test.tdaHomePage_LoginTest" tests="1" failures="0" timestamp="21 Mar 2018 05:48:23 GMT" time="29.817" errors="0">
  <testcase name="verifyLogin_MyAccountOverview" time="29.817" classname="com.gspann.test.tdaHomePage_LoginTest"/>
</testsuite> <!-- com.gspann.test.tdaHomePage_LoginTest -->
