<?xml version="1.0" encoding="UTF-8"?>
<!-- Generated by org.testng.reporters.JUnitReportReporter -->
<testsuite hostname="NODE637" name="com.gspann.test.TDA_HomePage_LoginTest" tests="1" failures="0" timestamp="21 Mar 2018 06:25:01 GMT" time="30.990" errors="0">
  <testcase name="verifyLogin_MyAccountOverview" time="30.990" classname="com.gspann.test.TDA_HomePage_LoginTest"/>
</testsuite> <!-- com.gspann.test.TDA_HomePage_LoginTest -->
